<?xml version="1.0" encoding="UTF-8"?>
<!-- Generated by org.testng.reporters.JUnitReportReporter -->
<testsuite hostname="Ashutoshs-MacBook-Air.local" failures="0" tests="2" name="com.apple.tests.LoginTest" time="43.926" errors="0" timestamp="2025-05-30T02:26:20 IST" skipped="0">
  <testcase classname="com.apple.tests.LoginTest" name="verifyHomePageTitle" time="3.476"/>
  <testcase classname="com.apple.tests.LoginTest" name="loginToAppleAccount" time="40.450"/>
</testsuite> <!-- com.apple.tests.LoginTest -->
