<?xml version="1.0" encoding="UTF-8"?>
<!-- Generated by org.testng.reporters.JUnitReportReporter -->
<testsuite hostname="Ashutoshs-MacBook-Air.local" failures="0" tests="1" name="Testing.HomePage" time="9.010" errors="0" timestamp="2025-05-02T10:43:19 IST" skipped="0">
  <testcase classname="Testing.HomePage" name="signup" time="9.010"/>
</testsuite> <!-- Testing.HomePage -->
