<?xml version="1.0" encoding="UTF-8"?>
<!-- Generated by org.testng.reporters.JUnitReportReporter -->
<testsuite hostname="Ashutoshs-MacBook-Air.local" failures="0" tests="3" name="Testing.HomePage" time="14.566" errors="0" timestamp="2025-05-08T16:55:53 IST" skipped="0">
  <testcase classname="Testing.HomePage" name="verifyTitle" time="0.897"/>
  <testcase classname="Testing.HomePage" name="AppleSignIn" time="7.564"/>
  <testcase classname="Testing.HomePage" name="signup" time="6.105"/>
</testsuite> <!-- Testing.HomePage -->
