<?xml version="1.0" encoding="UTF-8"?>
<!-- Generated by org.testng.reporters.JUnitReportReporter -->
<testsuite hostname="Ashutoshs-MacBook-Air.local" failures="0" tests="1" name="classwork.classwork" time="0.008" errors="0" timestamp="2025-04-30T02:46:06 IST" skipped="0">
  <testcase classname="classwork.classwork" name="verifyTitle" time="0.008"/>
</testsuite> <!-- classwork.classwork -->
